; Product Name = XGS1930-28
; Firmware Version = V4.70(ABHT.6) | 12/02/2022
; SysConf Engine Version = 1.2
; Config last updated = 00:02:36 (UTC+05:00) 2023-11-27
no service-control snmp
no cloud center discovery 
vlan 2 
  name VIDEO 
  normal "" 
  fixed 1-8,25-26 
  forbidden 9-24,27-28 
  untagged 9-26 
exit
vlan 3 
  name DATA 
  normal "" 
  fixed 1-24,27-28 
  forbidden 1-8,21-26 
  untagged 1-26 
exit
vlan 4 
  name MGMT 
  normal "" 
  fixed 21-24,27-28 
  forbidden 1-20,25-26 
  untagged 1-26 
  ip address 10.4.<num_or>.11 255.255.0.0 
  ip address default-gateway 10.4.0.254 
exit
interface route-domain 10.4.1.11/16 
exit
interface port-channel 1 
  pvid 2 
exit
interface port-channel 2 
  pvid 2 
exit
interface port-channel 3 
  pvid 2 
exit
interface port-channel 4 
  pvid 2 
exit
interface port-channel 5 
  pvid 2 
exit
interface port-channel 6 
  pvid 2 
exit
interface port-channel 7 
  pvid 2 
exit
interface port-channel 8 
  pvid 2 
exit
interface port-channel 9 
  pvid 3 
exit
interface port-channel 10 
  pvid 3 
exit
interface port-channel 11 
  pvid 3 
exit
interface port-channel 12 
  pvid 3 
exit
interface port-channel 13 
  pvid 3 
exit
interface port-channel 14 
  pvid 3 
exit
interface port-channel 15 
  pvid 3 
exit
interface port-channel 16 
  pvid 3 
exit
interface port-channel 17 
  pvid 3 
exit
interface port-channel 18 
  pvid 3 
exit
interface port-channel 19 
  pvid 3 
exit
interface port-channel 20 
  pvid 3 
exit
interface port-channel 21 
  pvid 3 
exit
interface port-channel 22 
  pvid 3 
exit
interface port-channel 23 
  pvid 4 
exit
interface port-channel 24 
  pvid 4 
exit
interface port-channel 25 
  pvid 2 
exit
interface port-channel 26 
  pvid 2 
exit
interface port-channel 27 
  pvid 3
  vlan-trunking  
exit
interface port-channel 28 
  pvid 3
  vlan-trunking  
exit
hostname <sert_name>_XGS1930_tsh<num_or>
time timezone 500 
timesync server 10.3.0.250 
timesync ntp 
rmon statistics etherstats 1 port-channel 1   
rmon statistics etherstats 2 port-channel 2   
rmon statistics etherstats 3 port-channel 3   
rmon statistics etherstats 4 port-channel 4   
rmon statistics etherstats 5 port-channel 5   
rmon statistics etherstats 6 port-channel 6   
rmon statistics etherstats 7 port-channel 7   
rmon statistics etherstats 8 port-channel 8   
rmon statistics etherstats 9 port-channel 9   
rmon statistics etherstats 10 port-channel 10   
rmon statistics etherstats 11 port-channel 11   
rmon statistics etherstats 12 port-channel 12   
rmon statistics etherstats 13 port-channel 13   
rmon statistics etherstats 14 port-channel 14   
rmon statistics etherstats 15 port-channel 15   
rmon statistics etherstats 16 port-channel 16   
rmon statistics etherstats 17 port-channel 17   
rmon statistics etherstats 18 port-channel 18   
rmon statistics etherstats 19 port-channel 19   
rmon statistics etherstats 20 port-channel 20   
rmon statistics etherstats 21 port-channel 21   
rmon statistics etherstats 22 port-channel 22   
rmon statistics etherstats 23 port-channel 23   
rmon statistics etherstats 24 port-channel 24   
rmon statistics etherstats 25 port-channel 25   
rmon statistics etherstats 26 port-channel 26   
rmon statistics etherstats 27 port-channel 27   
rmon statistics etherstats 28 port-channel 28   
